# JRE version: OpenJDK Runtime Environment (8.0_112-b06) (build 1.8.0_112-release-b06)
# Java VM: OpenJDK 64-Bit Server VM (25.112-b06 mixed mode linux-amd64 compressed oops)
Heap:
 PSYoungGen      total 264704K, used 43517K [0x00000000e0000000, 0x00000000f6300000, 0x0000000100000000)
  eden space 221184K, 0% used [0x00000000e0000000,0x00000000e0000000,0x00000000ed800000)
  from space 43520K, 99% used [0x00000000f3880000,0x00000000f62ff5b0,0x00000000f6300000)
  to   space 34816K, 0% used [0x00000000ed800000,0x00000000ed800000,0x00000000efa00000)
 ParOldGen       total 100352K, used 100076K [0x00000000a0000000, 0x00000000a6200000, 0x00000000e0000000)
  object space 100352K, 99% used [0x00000000a0000000,0x00000000a61bb0a8,0x00000000a6200000)
 Metaspace       used 80367K, capacity 86388K, committed 86680K, reserved 1124352K
  class space    used 10253K, capacity 11147K, committed 11160K, reserved 1048576K
GC Heap History (10 events):
Event: 4615,429 GC heap after
Heap after GC invocations=24 (full 3):
 PSYoungGen      total 194560K, used 14903K [0x00000000e0000000, 0x00000000eff80000, 0x0000000100000000)
  eden space 179200K, 0% used [0x00000000e0000000,0x00000000e0000000,0x00000000eaf00000)
  from space 15360K, 97% used [0x00000000eda80000,0x00000000ee90dc80,0x00000000ee980000)
  to   space 22528K, 0% used [0x00000000ee980000,0x00000000ee980000,0x00000000eff80000)
 ParOldGen       total 99840K, used 46796K [0x00000000a0000000, 0x00000000a6180000, 0x00000000e0000000)
  object space 99840K, 46% used [0x00000000a0000000,0x00000000a2db3228,0x00000000a6180000)
 Metaspace       used 75898K, capacity 81552K, committed 81688K, reserved 1120256K
  class space    used 9791K, capacity 10649K, committed 10776K, reserved 1048576K
}
Event: 4617,076 GC heap before
{Heap before GC invocations=25 (full 3):
 PSYoungGen      total 194560K, used 193691K [0x00000000e0000000, 0x00000000eff80000, 0x0000000100000000)
  eden space 179200K, 99% used [0x00000000e0000000,0x00000000eae990f0,0x00000000eaf00000)
  from space 15360K, 97% used [0x00000000eda80000,0x00000000ee90dc80,0x00000000ee980000)
  to   space 22528K, 0% used [0x00000000ee980000,0x00000000ee980000,0x00000000eff80000)
 ParOldGen       total 99840K, used 46796K [0x00000000a0000000, 0x00000000a6180000, 0x00000000e0000000)
  object space 99840K, 46% used [0x00000000a0000000,0x00000000a2db3228,0x00000000a6180000)
 Metaspace       used 76796K, capacity 82690K, committed 82840K, reserved 1122304K
  class space    used 9929K, capacity 10816K, committed 10904K, reserved 1048576K
Event: 4617,090 GC heap after
Heap after GC invocations=25 (full 3):
 PSYoungGen      total 189952K, used 17727K [0x00000000e0000000, 0x00000000efb00000, 0x0000000100000000)
  eden space 172032K, 0% used [0x00000000e0000000,0x00000000e0000000,0x00000000ea800000)
  from space 17920K, 98% used [0x00000000ee980000,0x00000000efacff10,0x00000000efb00000)
  to   space 25088K, 0% used [0x00000000eca00000,0x00000000eca00000,0x00000000ee280000)
 ParOldGen       total 99840K, used 46804K [0x00000000a0000000, 0x00000000a6180000, 0x00000000e0000000)
  object space 99840K, 46% used [0x00000000a0000000,0x00000000a2db5228,0x00000000a6180000)
 Metaspace       used 76796K, capacity 82690K, committed 82840K, reserved 1122304K
  class space    used 9929K, capacity 10816K, committed 10904K, reserved 1048576K
}
Event: 4617,116 GC heap before
{Heap before GC invocations=26 (full 3):
 PSYoungGen      total 189952K, used 188843K [0x00000000e0000000, 0x00000000efb00000, 0x0000000100000000)
  eden space 172032K, 99% used [0x00000000e0000000,0x00000000ea71aee8,0x00000000ea800000)
  from space 17920K, 98% used [0x00000000ee980000,0x00000000efacff10,0x00000000efb00000)
  to   space 25088K, 0% used [0x00000000eca00000,0x00000000eca00000,0x00000000ee280000)
 ParOldGen       total 99840K, used 46804K [0x00000000a0000000, 0x00000000a6180000, 0x00000000e0000000)
  object space 99840K, 46% used [0x00000000a0000000,0x00000000a2db5228,0x00000000a6180000)
 Metaspace       used 76800K, capacity 82690K, committed 82840K, reserved 1122304K
  class space    used 9929K, capacity 10816K, committed 10904K, reserved 1048576K
Event: 4617,126 GC heap after
Heap after GC invocations=26 (full 3):
 PSYoungGen      total 231936K, used 15111K [0x00000000e0000000, 0x00000000f1200000, 0x0000000100000000)
  eden space 206848K, 0% used [0x00000000e0000000,0x00000000e0000000,0x00000000eca00000)
  from space 25088K, 60% used [0x00000000eca00000,0x00000000ed8c1c90,0x00000000ee280000)
  to   space 24576K, 0% used [0x00000000efa00000,0x00000000efa00000,0x00000000f1200000)
 ParOldGen       total 99840K, used 46812K [0x00000000a0000000, 0x00000000a6180000, 0x00000000e0000000)
  object space 99840K, 46% used [0x00000000a0000000,0x00000000a2db7228,0x00000000a6180000)
 Metaspace       used 76800K, capacity 82690K, committed 82840K, reserved 1122304K
  class space    used 9929K, capacity 10816K, committed 10904K, reserved 1048576K
}
Event: 4619,357 GC heap before
{Heap before GC invocations=27 (full 3):
 PSYoungGen      total 231936K, used 221959K [0x00000000e0000000, 0x00000000f1200000, 0x0000000100000000)
  eden space 206848K, 100% used [0x00000000e0000000,0x00000000eca00000,0x00000000eca00000)
  from space 25088K, 60% used [0x00000000eca00000,0x00000000ed8c1c90,0x00000000ee280000)
  to   space 24576K, 0% used [0x00000000efa00000,0x00000000efa00000,0x00000000f1200000)
 ParOldGen       total 99840K, used 46812K [0x00000000a0000000, 0x00000000a6180000, 0x00000000e0000000)
  object space 99840K, 46% used [0x00000000a0000000,0x00000000a2db7228,0x00000000a6180000)
 Metaspace       used 79908K, capacity 85940K, committed 86168K, reserved 1124352K
  class space    used 10244K, capacity 11147K, committed 11160K, reserved 1048576K
Event: 4619,442 GC heap after
Heap after GC invocations=27 (full 3):
 PSYoungGen      total 245760K, used 24575K [0x00000000e0000000, 0x00000000f5180000, 0x0000000100000000)
  eden space 221184K, 0% used [0x00000000e0000000,0x00000000e0000000,0x00000000ed800000)
  from space 24576K, 99% used [0x00000000efa00000,0x00000000f11ffe20,0x00000000f1200000)
  to   space 34816K, 0% used [0x00000000ed800000,0x00000000ed800000,0x00000000efa00000)
 ParOldGen       total 99840K, used 65054K [0x00000000a0000000, 0x00000000a6180000, 0x00000000e0000000)
  object space 99840K, 65% used [0x00000000a0000000,0x00000000a3f87898,0x00000000a6180000)
 Metaspace       used 79908K, capacity 85940K, committed 86168K, reserved 1124352K
  class space    used 10244K, capacity 11147K, committed 11160K, reserved 1048576K
}
Event: 4620,058 GC heap before
{Heap before GC invocations=28 (full 3):
 PSYoungGen      total 245760K, used 245759K [0x00000000e0000000, 0x00000000f5180000, 0x0000000100000000)
  eden space 221184K, 100% used [0x00000000e0000000,0x00000000ed800000,0x00000000ed800000)
  from space 24576K, 99% used [0x00000000efa00000,0x00000000f11ffe20,0x00000000f1200000)
  to   space 34816K, 0% used [0x00000000ed800000,0x00000000ed800000,0x00000000efa00000)
 ParOldGen       total 99840K, used 65054K [0x00000000a0000000, 0x00000000a6180000, 0x00000000e0000000)
  object space 99840K, 65% used [0x00000000a0000000,0x00000000a3f87898,0x00000000a6180000)
 Metaspace       used 80176K, capacity 86196K, committed 86424K, reserved 1124352K
  class space    used 10252K, capacity 11147K, committed 11160K, reserved 1048576K
Event: 4620,086 GC heap after
Heap after GC invocations=28 (full 3):
 PSYoungGen      total 256000K, used 34794K [0x00000000e0000000, 0x00000000f6300000, 0x0000000100000000)
  eden space 221184K, 0% used [0x00000000e0000000,0x00000000e0000000,0x00000000ed800000)
  from space 34816K, 99% used [0x00000000ed800000,0x00000000ef9fa840,0x00000000efa00000)
  to   space 43520K, 0% used [0x00000000f3880000,0x00000000f3880000,0x00000000f6300000)
 ParOldGen       total 99840K, used 74695K [0x00000000a0000000, 0x00000000a6180000, 0x00000000e0000000)
  object space 99840K, 74% used [0x00000000a0000000,0x00000000a48f1dd0,0x00000000a6180000)
 Metaspace       used 80176K, capacity 86196K, committed 86424K, reserved 1124352K
  class space    used 10252K, capacity 11147K, committed 11160K, reserved 1048576K
}
Event: 4620,908 GC heap before
{Heap before GC invocations=29 (full 3):
 PSYoungGen      total 256000K, used 255978K [0x00000000e0000000, 0x00000000f6300000, 0x0000000100000000)
  eden space 221184K, 100% used [0x00000000e0000000,0x00000000ed800000,0x00000000ed800000)
  from space 34816K, 99% used [0x00000000ed800000,0x00000000ef9fa840,0x00000000efa00000)
  to   space 43520K, 0% used [0x00000000f3880000,0x00000000f3880000,0x00000000f6300000)
 ParOldGen       total 99840K, used 74695K [0x00000000a0000000, 0x00000000a6180000, 0x00000000e0000000)
  object space 99840K, 74% used [0x00000000a0000000,0x00000000a48f1dd0,0x00000000a6180000)
 Metaspace       used 80367K, capacity 86388K, committed 86680K, reserved 1124352K
  class space    used 10253K, capacity 11147K, committed 11160K, reserved 1048576K

